<?xml version="1.0" encoding="UTF-8"?>
<!-- Generated by org.testng.reporters.JUnitXMLReporter -->
<testsuite ignored="0" hostname="WBOX62" failures="1" tests="1" name="iOSApp 1" time="1.632" errors="0" timestamp="2024-03-14T12:38:41 IST">
  <testcase classname="Resources.iOSApp" name="iOSApp" time="1.539">
    <failure type="org.openqa.selenium.SessionNotCreatedException" message="Could not start a new session. Response code 400. Message: platform name is missing in the capabilities 
Host info: host: &amp;apos;WBOX62&amp;apos;, ip: &amp;apos;192.168.3.82&amp;apos;
Build info: version: &amp;apos;4.16.1&amp;apos;, revision: &amp;apos;9b4c83354e&amp;apos;
System info: os.name: &amp;apos;Windows 10&amp;apos;, os.arch: &amp;apos;amd64&amp;apos;, os.version: &amp;apos;10.0&amp;apos;, java.version: &amp;apos;17.0.6&amp;apos;
Driver info: io.appium.java_client.AppiumDriver
Command: [null, newSession {capabilities=[{appium:app=lt://APP1016026231710392174202217, appium:console=true, appium:deviceName=iPhone 11, appium:deviceOrientation=PORTRAIT, appium:devicelog=true, appium:isRealMobile=true, appium:network=true, platformName=IOS, appium:platformVersion=14, appium:visual=true}], desiredCapabilities=Capabilities {app: lt://APP1016026231710392174..., console: true, deviceName: iPhone 11, deviceOrientation: PORTRAIT, devicelog: true, isRealMobile: true, network: true, platformName: IOS, platformVersion: 14, visual: true}}]
Capabilities {app: lt://APP1016026231710392174..., console: true, deviceName: iPhone 11, deviceOrientation: PORTRAIT, devicelog: true, isRealMobile: true, network: true, platformName: IOS, platformVersion: 14, visual: true}">
      <![CDATA[org.openqa.selenium.SessionNotCreatedException: Could not start a new session. Response code 400. Message: platform name is missing in the capabilities 
Host info: host: 'WBOX62', ip: '192.168.3.82'
Build info: version: '4.16.1', revision: '9b4c83354e'
System info: os.name: 'Windows 10', os.arch: 'amd64', os.version: '10.0', java.version: '17.0.6'
Driver info: io.appium.java_client.AppiumDriver
Command: [null, newSession {capabilities=[{appium:app=lt://APP1016026231710392174202217, appium:console=true, appium:deviceName=iPhone 11, appium:deviceOrientation=PORTRAIT, appium:devicelog=true, appium:isRealMobile=true, appium:network=true, platformName=IOS, appium:platformVersion=14, appium:visual=true}], desiredCapabilities=Capabilities {app: lt://APP1016026231710392174..., console: true, deviceName: iPhone 11, deviceOrientation: PORTRAIT, devicelog: true, isRealMobile: true, network: true, platformName: IOS, platformVersion: 14, visual: true}}]
Capabilities {app: lt://APP1016026231710392174..., console: true, deviceName: iPhone 11, deviceOrientation: PORTRAIT, devicelog: true, isRealMobile: true, network: true, platformName: IOS, platformVersion: 14, visual: true}
at org.openqa.selenium.remote.ProtocolHandshake.createSession(ProtocolHandshake.java:140)
at io.appium.java_client.remote.AppiumProtocolHandshake.createSession(AppiumProtocolHandshake.java:133)
at io.appium.java_client.remote.AppiumProtocolHandshake.createSession(AppiumProtocolHandshake.java:102)
at io.appium.java_client.remote.AppiumCommandExecutor.createSession(AppiumCommandExecutor.java:177)
at io.appium.java_client.remote.AppiumCommandExecutor.execute(AppiumCommandExecutor.java:238)
at org.openqa.selenium.remote.RemoteWebDriver.execute(RemoteWebDriver.java:523)
at io.appium.java_client.AppiumDriver.startSession(AppiumDriver.java:268)
at org.openqa.selenium.remote.RemoteWebDriver.<init>(RemoteWebDriver.java:164)
at io.appium.java_client.AppiumDriver.<init>(AppiumDriver.java:90)
at io.appium.java_client.AppiumDriver.<init>(AppiumDriver.java:102)
at Resources.iOSApp.iOSApp(iOSApp.java:47)
at java.base/java.util.ArrayList.forEach(ArrayList.java:1511)
... Removed 31 stack frames]]>
    </failure>
  </testcase> <!-- iOSApp -->
</testsuite> <!-- iOSApp 1 -->
