<?xml version="1.0" encoding="UTF-8"?>
<!-- Generated by org.testng.reporters.JUnitXMLReporter -->
<testsuite ignored="4" hostname="WBOX62" failures="0" tests="6" name="Test" time="195.163" errors="0" timestamp="2024-03-18T18:14:51 IST">
  <testcase classname="Resources.BDEClass" name="getLogin" time="10.679"/>
  <testcase classname="Resources.BDEClass" name="addLeadComapnyDeatail" time="71.928"/>
  <testcase classname="Resources.BDEClass" name="productDetails" time="39.59"/>
  <testcase classname="Resources.BDEClass" name="addMeetingForProspect" time="16.648"/>
  <testcase classname="Resources.BDEClass" name="prospect" time="30.554"/>
  <testcase classname="Resources.BDEClass" name="todaysFollowup" time="22.985"/>
  <testcase classname="Resources.BaseClass" name="@BeforeTest ExtentReport" time="0.0">
    <ignored/>
  </testcase> <!-- @BeforeTest ExtentReport -->
  <testcase classname="Resources.BaseClass" name="@AfterSuite globalTeardown" time="0.0">
    <ignored/>
  </testcase> <!-- @AfterSuite globalTeardown -->
  <testcase classname="Resources.BaseClass" name="@BeforeSuite setUp" time="0.0">
    <ignored/>
  </testcase> <!-- @BeforeSuite setUp -->
  <testcase classname="Resources.BaseClass" name="@AfterTest endReport" time="0.0">
    <ignored/>
  </testcase> <!-- @AfterTest endReport -->
</testsuite> <!-- Test -->
