<?xml version="1.0" encoding="UTF-8"?>
<!-- Generated by org.testng.reporters.JUnitXMLReporter -->
<testsuite ignored="12" hostname="WBOX62" failures="0" tests="16" name="Test" time="537.687" errors="0" timestamp="2024-03-18T10:06:06 IST">
  <testcase classname="Resources.BDEClass" name="getLogin" time="14.14"/>
  <testcase classname="Resources.BDEClass" name="addLeadComapnyDeatail" time="72.516"/>
  <testcase classname="Resources.BDEClass" name="productDetails" time="43.031"/>
  <testcase classname="Resources.BDEClass" name="addMeetingForProspect" time="18.695"/>
  <testcase classname="Resources.BDEClass" name="prospect" time="33.378"/>
  <testcase classname="Resources.BDEClass" name="todaysFollowup" time="26.019"/>
  <testcase classname="Resources.BDEClass" name="getLogout" time="9.785"/>
  <testcase classname="Resources.BDMClass" name="getLogin" time="13.772"/>
  <testcase classname="Resources.BDMClass" name="potentialConversionRequestAccept" time="41.016"/>
  <testcase classname="Resources.BDMClass" name="addMeetingForPotential" time="118.154"/>
  <testcase classname="Resources.BDMClass" name="convertToClient" time="22.437"/>
  <testcase classname="Resources.BDMClass" name="getLogout" time="9.266"/>
  <testcase classname="Resources.COOClass" name="getLogin" time="12.607"/>
  <testcase classname="Resources.COOClass" name="CompleteMeeting" time="62.469"/>
  <testcase classname="Resources.COOClass" name="clientConversionRequestAccept" time="25.291"/>
  <testcase classname="Resources.COOClass" name="getLogout" time="14.08"/>
  <testcase classname="Resources.BaseClass" name="@AfterSuite globalTeardown" time="0.0">
    <ignored/>
  </testcase> <!-- @AfterSuite globalTeardown -->
  <testcase classname="Resources.BaseClass" name="@AfterTest endReport" time="0.0">
    <ignored/>
  </testcase> <!-- @AfterTest endReport -->
  <testcase classname="Resources.BaseClass" name="@BeforeTest ExtentReport" time="0.0">
    <ignored/>
  </testcase> <!-- @BeforeTest ExtentReport -->
  <testcase classname="Resources.BaseClass" name="@BeforeTest ExtentReport" time="0.0">
    <ignored/>
  </testcase> <!-- @BeforeTest ExtentReport -->
  <testcase classname="Resources.BaseClass" name="@AfterSuite globalTeardown" time="0.0">
    <ignored/>
  </testcase> <!-- @AfterSuite globalTeardown -->
  <testcase classname="Resources.BaseClass" name="@AfterTest endReport" time="0.0">
    <ignored/>
  </testcase> <!-- @AfterTest endReport -->
  <testcase classname="Resources.BaseClass" name="@BeforeTest ExtentReport" time="0.0">
    <ignored/>
  </testcase> <!-- @BeforeTest ExtentReport -->
  <testcase classname="Resources.BaseClass" name="@AfterSuite globalTeardown" time="0.0">
    <ignored/>
  </testcase> <!-- @AfterSuite globalTeardown -->
  <testcase classname="Resources.BaseClass" name="@BeforeSuite setUp" time="0.0">
    <ignored/>
  </testcase> <!-- @BeforeSuite setUp -->
  <testcase classname="Resources.BaseClass" name="@AfterTest endReport" time="0.0">
    <ignored/>
  </testcase> <!-- @AfterTest endReport -->
  <testcase classname="Resources.BaseClass" name="@BeforeSuite setUp" time="0.0">
    <ignored/>
  </testcase> <!-- @BeforeSuite setUp -->
  <testcase classname="Resources.BaseClass" name="@BeforeSuite setUp" time="0.0">
    <ignored/>
  </testcase> <!-- @BeforeSuite setUp -->
</testsuite> <!-- Test -->
