<?xml version="1.0" encoding="UTF-8"?>
<testng-results ignored="4" total="11" passed="7" failed="0" skipped="0">
  <reporter-output>
  </reporter-output>
  <suite started-at="2024-03-18T17:03:28 IST" name="Suite" finished-at="2024-03-18T17:07:05 IST" duration-ms="216714">
    <groups>
    </groups>
    <test started-at="2024-03-18T17:03:28 IST" name="Test" finished-at="2024-03-18T17:07:05 IST" duration-ms="216714">
      <class name="Resources.BDEClass">
        <test-method is-config="true" signature="initializeUtility()[pri:0, instance:Resources.BDEClass@57459491]" started-at="2024-03-18T17:03:28 IST" name="initializeUtility" finished-at="2024-03-18T17:03:28 IST" duration-ms="1" status="PASS">
          <reporter-output>
          </reporter-output>
        </test-method> <!-- initializeUtility -->
        <test-method signature="getLogin()[pri:1, instance:Resources.BDEClass@57459491]" started-at="2024-03-18T17:03:28 IST" name="getLogin" finished-at="2024-03-18T17:03:41 IST" duration-ms="13180" status="PASS">
          <reporter-output>
          </reporter-output>
        </test-method> <!-- getLogin -->
        <test-method is-config="true" signature="initializeUtility()[pri:0, instance:Resources.BDEClass@57459491]" started-at="2024-03-18T17:03:41 IST" name="initializeUtility" finished-at="2024-03-18T17:03:41 IST" duration-ms="1" status="PASS">
          <reporter-output>
          </reporter-output>
        </test-method> <!-- initializeUtility -->
        <test-method signature="addLeadComapnyDeatail()[pri:3, instance:Resources.BDEClass@57459491]" started-at="2024-03-18T17:03:41 IST" name="addLeadComapnyDeatail" finished-at="2024-03-18T17:04:54 IST" duration-ms="72545" status="PASS">
          <reporter-output>
          </reporter-output>
        </test-method> <!-- addLeadComapnyDeatail -->
        <test-method is-config="true" signature="initializeUtility()[pri:0, instance:Resources.BDEClass@57459491]" started-at="2024-03-18T17:04:54 IST" name="initializeUtility" finished-at="2024-03-18T17:04:54 IST" duration-ms="1" status="PASS">
          <reporter-output>
          </reporter-output>
        </test-method> <!-- initializeUtility -->
        <test-method signature="productDetails()[pri:4, instance:Resources.BDEClass@57459491]" started-at="2024-03-18T17:04:54 IST" name="productDetails" finished-at="2024-03-18T17:05:36 IST" duration-ms="41732" status="PASS">
          <reporter-output>
          </reporter-output>
        </test-method> <!-- productDetails -->
        <test-method is-config="true" signature="initializeUtility()[pri:0, instance:Resources.BDEClass@57459491]" started-at="2024-03-18T17:05:36 IST" name="initializeUtility" finished-at="2024-03-18T17:05:36 IST" duration-ms="1" status="PASS">
          <reporter-output>
          </reporter-output>
        </test-method> <!-- initializeUtility -->
        <test-method signature="addMeetingForProspect()[pri:5, instance:Resources.BDEClass@57459491]" started-at="2024-03-18T17:05:36 IST" name="addMeetingForProspect" finished-at="2024-03-18T17:05:55 IST" duration-ms="19019" status="PASS">
          <reporter-output>
          </reporter-output>
        </test-method> <!-- addMeetingForProspect -->
        <test-method is-config="true" signature="initializeUtility()[pri:0, instance:Resources.BDEClass@57459491]" started-at="2024-03-18T17:05:55 IST" name="initializeUtility" finished-at="2024-03-18T17:05:55 IST" duration-ms="1" status="PASS">
          <reporter-output>
          </reporter-output>
        </test-method> <!-- initializeUtility -->
        <test-method signature="prospect()[pri:6, instance:Resources.BDEClass@57459491]" started-at="2024-03-18T17:05:55 IST" name="prospect" finished-at="2024-03-18T17:06:30 IST" duration-ms="35451" status="PASS">
          <reporter-output>
          </reporter-output>
        </test-method> <!-- prospect -->
        <test-method is-config="true" signature="initializeUtility()[pri:0, instance:Resources.BDEClass@57459491]" started-at="2024-03-18T17:06:30 IST" name="initializeUtility" finished-at="2024-03-18T17:06:30 IST" duration-ms="2" status="PASS">
          <reporter-output>
          </reporter-output>
        </test-method> <!-- initializeUtility -->
        <test-method signature="todaysFollowup()[pri:7, instance:Resources.BDEClass@57459491]" started-at="2024-03-18T17:06:30 IST" name="todaysFollowup" finished-at="2024-03-18T17:06:58 IST" duration-ms="27606" status="PASS">
          <reporter-output>
          </reporter-output>
        </test-method> <!-- todaysFollowup -->
        <test-method is-config="true" signature="initializeUtility()[pri:0, instance:Resources.BDEClass@57459491]" started-at="2024-03-18T17:06:58 IST" name="initializeUtility" finished-at="2024-03-18T17:06:58 IST" duration-ms="2" status="PASS">
          <reporter-output>
          </reporter-output>
        </test-method> <!-- initializeUtility -->
        <test-method signature="getLogout()[pri:8, instance:Resources.BDEClass@57459491]" started-at="2024-03-18T17:06:58 IST" name="getLogout" finished-at="2024-03-18T17:07:04 IST" duration-ms="6668" status="PASS">
          <reporter-output>
          </reporter-output>
        </test-method> <!-- getLogout -->
      </class> <!-- Resources.BDEClass -->
      <class name="Resources.BaseClass">
        <test-method is-config="true" signature="setUp()[pri:0, instance:Resources.BaseClass@5f16132a]" started-at="2024-03-18T17:03:09 IST" name="setUp" finished-at="2024-03-18T17:03:28 IST" duration-ms="19019" status="PASS">
          <reporter-output>
          </reporter-output>
        </test-method> <!-- setUp -->
        <test-method is-config="true" signature="ExtentReport()[pri:0, instance:Resources.BaseClass@5f16132a]" started-at="2024-03-18T17:03:28 IST" name="ExtentReport" finished-at="2024-03-18T17:03:28 IST" duration-ms="131" status="PASS">
          <reporter-output>
          </reporter-output>
        </test-method> <!-- ExtentReport -->
        <test-method is-config="true" signature="endReport()[pri:0, instance:Resources.BaseClass@5f16132a]" started-at="2024-03-18T17:07:04 IST" name="endReport" finished-at="2024-03-18T17:07:05 IST" duration-ms="273" status="PASS">
          <reporter-output>
          </reporter-output>
        </test-method> <!-- endReport -->
        <test-method is-config="true" signature="globalTeardown()[pri:0, instance:Resources.BaseClass@5f16132a]" started-at="2024-03-18T17:07:05 IST" name="globalTeardown" finished-at="2024-03-18T17:07:09 IST" duration-ms="4601" status="PASS">
          <reporter-output>
          </reporter-output>
        </test-method> <!-- globalTeardown -->
      </class> <!-- Resources.BaseClass -->
    </test> <!-- Test -->
  </suite> <!-- Suite -->
</testng-results>
